{"/Users/yong/Code/projectPotato/server/config.js": {"path":"/Users/yong/Code/projectPotato/server/config.js","statementMap":{"0":{"start":{"line":2,"column":0},"end":{"line":2,"column":16}},"1":{"start":{"line":6,"column":17},"end":{"line":6,"column":49}},"2":{"start":{"line":9,"column":2},"end":{"line":12,"column":3}},"3":{"start":{"line":11,"column":4},"end":{"line":11,"column":47}},"4":{"start":{"line":13,"column":2},"end":{"line":13,"column":15}},"5":{"start":{"line":16,"column":22},"end":{"line":46,"column":1}}},"fnMap":{"0":{"name":"required","decl":{"start":{"line":4,"column":9},"end":{"line":4,"column":17}},"loc":{"start":{"line":4,"column":48},"end":{"line":14,"column":1}},"line":4}},"branchMap":{"0":{"loc":{"start":{"line":4,"column":23},"end":{"line":4,"column":47}},"type":"default-arg","locations":[{"start":{"line":4,"column":38},"end":{"line":4,"column":47}}],"line":4},"1":{"loc":{"start":{"line":6,"column":17},"end":{"line":6,"column":49}},"type":"binary-expr","locations":[{"start":{"line":6,"column":17},"end":{"line":6,"column":33}},{"start":{"line":6,"column":37},"end":{"line":6,"column":49}}],"line":6},"2":{"loc":{"start":{"line":9,"column":2},"end":{"line":12,"column":3}},"type":"if","locations":[{"start":{"line":9,"column":2},"end":{"line":12,"column":3}},{"start":{},"end":{}}],"line":9}},"s":{"0":2,"1":16,"2":16,"3":0,"4":16,"5":2},"f":{"0":16},"b":{"0":[10],"1":[16,2],"2":[0,16]},"_coverageSchema":"1a1c01bbd47fc00a2c39e90264f33305004495a9","hash":"edc2c9eb857f4ae20922f02104c65538022e52f2"}
,"/Users/yong/Code/projectPotato/server/controller/community.js": {"path":"/Users/yong/Code/projectPotato/server/controller/community.js","statementMap":{"0":{"start":{"line":6,"column":4},"end":{"line":6,"column":41}},"1":{"start":{"line":9,"column":13},"end":{"line":20,"column":3}},"2":{"start":{"line":10,"column":4},"end":{"line":10,"column":28}},"3":{"start":{"line":11,"column":21},"end":{"line":11,"column":39}},"4":{"start":{"line":12,"column":19},"end":{"line":12,"column":35}},"5":{"start":{"line":13,"column":18},"end":{"line":17,"column":37}},"6":{"start":{"line":19,"column":4},"end":{"line":19,"column":31}},"7":{"start":{"line":21,"column":12},"end":{"line":31,"column":3}},"8":{"start":{"line":22,"column":15},"end":{"line":22,"column":28}},"9":{"start":{"line":23,"column":17},"end":{"line":23,"column":49}},"10":{"start":{"line":24,"column":4},"end":{"line":24,"column":27}},"11":{"start":{"line":25,"column":4},"end":{"line":30,"column":5}},"12":{"start":{"line":26,"column":6},"end":{"line":26,"column":33}},"13":{"start":{"line":29,"column":6},"end":{"line":29,"column":62}},"14":{"start":{"line":32,"column":11},"end":{"line":37,"column":3}},"15":{"start":{"line":33,"column":38},"end":{"line":33,"column":46}},"16":{"start":{"line":34,"column":17},"end":{"line":34,"column":42}},"17":{"start":{"line":35,"column":22},"end":{"line":35,"column":67}},"18":{"start":{"line":36,"column":4},"end":{"line":36,"column":36}},"19":{"start":{"line":38,"column":15},"end":{"line":52,"column":3}},"20":{"start":{"line":39,"column":15},"end":{"line":39,"column":28}},"21":{"start":{"line":40,"column":38},"end":{"line":40,"column":46}},"22":{"start":{"line":41,"column":17},"end":{"line":41,"column":42}},"23":{"start":{"line":43,"column":17},"end":{"line":43,"column":49}},"24":{"start":{"line":44,"column":4},"end":{"line":46,"column":5}},"25":{"start":{"line":45,"column":6},"end":{"line":45,"column":33}},"26":{"start":{"line":47,"column":4},"end":{"line":49,"column":5}},"27":{"start":{"line":48,"column":6},"end":{"line":48,"column":33}},"28":{"start":{"line":50,"column":20},"end":{"line":50,"column":57}},"29":{"start":{"line":51,"column":4},"end":{"line":51,"column":34}},"30":{"start":{"line":53,"column":15},"end":{"line":64,"column":3}},"31":{"start":{"line":54,"column":15},"end":{"line":54,"column":28}},"32":{"start":{"line":55,"column":17},"end":{"line":55,"column":49}},"33":{"start":{"line":56,"column":4},"end":{"line":58,"column":5}},"34":{"start":{"line":57,"column":6},"end":{"line":57,"column":33}},"35":{"start":{"line":59,"column":4},"end":{"line":61,"column":5}},"36":{"start":{"line":60,"column":6},"end":{"line":60,"column":33}},"37":{"start":{"line":62,"column":4},"end":{"line":62,"column":36}},"38":{"start":{"line":63,"column":4},"end":{"line":63,"column":24}}},"fnMap":{"0":{"name":"(anonymous_0)","decl":{"start":{"line":5,"column":2},"end":{"line":5,"column":3}},"loc":{"start":{"line":5,"column":34},"end":{"line":7,"column":3}},"line":5},"1":{"name":"(anonymous_1)","decl":{"start":{"line":9,"column":13},"end":{"line":9,"column":14}},"loc":{"start":{"line":9,"column":32},"end":{"line":20,"column":3}},"line":9},"2":{"name":"(anonymous_2)","decl":{"start":{"line":21,"column":12},"end":{"line":21,"column":13}},"loc":{"start":{"line":21,"column":31},"end":{"line":31,"column":3}},"line":21},"3":{"name":"(anonymous_3)","decl":{"start":{"line":32,"column":11},"end":{"line":32,"column":12}},"loc":{"start":{"line":32,"column":36},"end":{"line":37,"column":3}},"line":32},"4":{"name":"(anonymous_4)","decl":{"start":{"line":38,"column":15},"end":{"line":38,"column":16}},"loc":{"start":{"line":38,"column":41},"end":{"line":52,"column":3}},"line":38},"5":{"name":"(anonymous_5)","decl":{"start":{"line":53,"column":15},"end":{"line":53,"column":16}},"loc":{"start":{"line":53,"column":40},"end":{"line":64,"column":3}},"line":53}},"branchMap":{"0":{"loc":{"start":{"line":13,"column":18},"end":{"line":17,"column":37}},"type":"cond-expr","locations":[{"start":{"line":14,"column":8},"end":{"line":14,"column":55}},{"start":{"line":15,"column":8},"end":{"line":17,"column":37}}],"line":13},"1":{"loc":{"start":{"line":15,"column":8},"end":{"line":17,"column":37}},"type":"cond-expr","locations":[{"start":{"line":16,"column":8},"end":{"line":16,"column":51}},{"start":{"line":17,"column":8},"end":{"line":17,"column":37}}],"line":15},"2":{"loc":{"start":{"line":25,"column":4},"end":{"line":30,"column":5}},"type":"if","locations":[{"start":{"line":25,"column":4},"end":{"line":30,"column":5}},{"start":{"line":28,"column":8},"end":{"line":30,"column":5}}],"line":25},"3":{"loc":{"start":{"line":44,"column":4},"end":{"line":46,"column":5}},"type":"if","locations":[{"start":{"line":44,"column":4},"end":{"line":46,"column":5}},{"start":{},"end":{}}],"line":44},"4":{"loc":{"start":{"line":47,"column":4},"end":{"line":49,"column":5}},"type":"if","locations":[{"start":{"line":47,"column":4},"end":{"line":49,"column":5}},{"start":{},"end":{}}],"line":47},"5":{"loc":{"start":{"line":56,"column":4},"end":{"line":58,"column":5}},"type":"if","locations":[{"start":{"line":56,"column":4},"end":{"line":58,"column":5}},{"start":{},"end":{}}],"line":56},"6":{"loc":{"start":{"line":59,"column":4},"end":{"line":61,"column":5}},"type":"if","locations":[{"start":{"line":59,"column":4},"end":{"line":61,"column":5}},{"start":{},"end":{}}],"line":59}},"s":{"0":7,"1":7,"2":2,"3":2,"4":2,"5":2,"6":2,"7":7,"8":0,"9":0,"10":0,"11":0,"12":0,"13":0,"14":7,"15":1,"16":1,"17":1,"18":1,"19":7,"20":2,"21":2,"22":2,"23":2,"24":2,"25":0,"26":2,"27":1,"28":1,"29":1,"30":7,"31":2,"32":2,"33":2,"34":0,"35":2,"36":1,"37":1,"38":1},"f":{"0":7,"1":2,"2":0,"3":1,"4":2,"5":2},"b":{"0":[1,1],"1":[0,1],"2":[0,0],"3":[0,2],"4":[1,1],"5":[0,2],"6":[1,1]},"_coverageSchema":"1a1c01bbd47fc00a2c39e90264f33305004495a9","hash":"d7eb421822bb54192c5b1ea042d8cc2675f9f0b5"}
,"/Users/yong/Code/projectPotato/server/data/auth.js": {"path":"/Users/yong/Code/projectPotato/server/data/auth.js","statementMap":{"0":{"start":{"line":5,"column":19},"end":{"line":10,"column":2}},"1":{"start":{"line":11,"column":20},"end":{"line":16,"column":2}},"2":{"start":{"line":17,"column":0},"end":{"line":17,"column":25}},"3":{"start":{"line":18,"column":0},"end":{"line":18,"column":26}},"4":{"start":{"line":20,"column":13},"end":{"line":20,"column":47}},"5":{"start":{"line":21,"column":14},"end":{"line":21,"column":50}},"6":{"start":{"line":24,"column":2},"end":{"line":24,"column":54}},"7":{"start":{"line":24,"column":45},"end":{"line":24,"column":52}},"8":{"start":{"line":27,"column":2},"end":{"line":27,"column":35}},"9":{"start":{"line":30,"column":2},"end":{"line":30,"column":28}},"10":{"start":{"line":34,"column":2},"end":{"line":34,"column":36}},"11":{"start":{"line":37,"column":2},"end":{"line":37,"column":31}},"12":{"start":{"line":42,"column":2},"end":{"line":42,"column":55}},"13":{"start":{"line":42,"column":46},"end":{"line":42,"column":53}},"14":{"start":{"line":47,"column":2},"end":{"line":47,"column":27}}},"fnMap":{"0":{"name":"createOauth","decl":{"start":{"line":23,"column":22},"end":{"line":23,"column":33}},"loc":{"start":{"line":23,"column":39},"end":{"line":25,"column":1}},"line":23},"1":{"name":"(anonymous_1)","decl":{"start":{"line":24,"column":37},"end":{"line":24,"column":38}},"loc":{"start":{"line":24,"column":45},"end":{"line":24,"column":52}},"line":24},"2":{"name":"getOauthId","decl":{"start":{"line":26,"column":22},"end":{"line":26,"column":32}},"loc":{"start":{"line":26,"column":42},"end":{"line":28,"column":1}},"line":26},"3":{"name":"findOauthById","decl":{"start":{"line":29,"column":22},"end":{"line":29,"column":35}},"loc":{"start":{"line":29,"column":39},"end":{"line":31,"column":1}},"line":29},"4":{"name":"findByUsername","decl":{"start":{"line":33,"column":22},"end":{"line":33,"column":36}},"loc":{"start":{"line":33,"column":47},"end":{"line":35,"column":1}},"line":33},"5":{"name":"findByEmail","decl":{"start":{"line":36,"column":22},"end":{"line":36,"column":33}},"loc":{"start":{"line":36,"column":40},"end":{"line":38,"column":1}},"line":36},"6":{"name":"createUser","decl":{"start":{"line":40,"column":22},"end":{"line":40,"column":32}},"loc":{"start":{"line":40,"column":39},"end":{"line":44,"column":1}},"line":40},"7":{"name":"(anonymous_7)","decl":{"start":{"line":42,"column":36},"end":{"line":42,"column":37}},"loc":{"start":{"line":42,"column":46},"end":{"line":42,"column":53}},"line":42},"8":{"name":"findById","decl":{"start":{"line":46,"column":22},"end":{"line":46,"column":30}},"loc":{"start":{"line":46,"column":35},"end":{"line":49,"column":1}},"line":46}},"branchMap":{},"s":{"0":1,"1":1,"2":1,"3":1,"4":1,"5":1,"6":0,"7":0,"8":0,"9":0,"10":0,"11":0,"12":0,"13":0,"14":0},"f":{"0":0,"1":0,"2":0,"3":0,"4":0,"5":0,"6":0,"7":0,"8":0},"b":{},"_coverageSchema":"1a1c01bbd47fc00a2c39e90264f33305004495a9","hash":"cefdef4d84b806aaaced3f89f04b3402953ae1c2"}
,"/Users/yong/Code/projectPotato/server/databse/database.js": {"path":"/Users/yong/Code/projectPotato/server/databse/database.js","statementMap":{"0":{"start":{"line":8,"column":2},"end":{"line":8,"column":42}},"1":{"start":{"line":19,"column":2},"end":{"line":21,"column":4}},"2":{"start":{"line":20,"column":4},"end":{"line":20,"column":31}},"3":{"start":{"line":22,"column":2},"end":{"line":22,"column":41}},"4":{"start":{"line":23,"column":2},"end":{"line":23,"column":43}},"5":{"start":{"line":31,"column":2},"end":{"line":31,"column":32}},"6":{"start":{"line":35,"column":2},"end":{"line":35,"column":34}}},"fnMap":{"0":{"name":"initDb","decl":{"start":{"line":7,"column":22},"end":{"line":7,"column":28}},"loc":{"start":{"line":7,"column":30},"end":{"line":16,"column":1}},"line":7},"1":{"name":"useVirtualId","decl":{"start":{"line":18,"column":17},"end":{"line":18,"column":29}},"loc":{"start":{"line":18,"column":37},"end":{"line":24,"column":1}},"line":18},"2":{"name":"(anonymous_2)","decl":{"start":{"line":19,"column":27},"end":{"line":19,"column":28}},"loc":{"start":{"line":19,"column":38},"end":{"line":21,"column":3}},"line":19},"3":{"name":"getPosts","decl":{"start":{"line":26,"column":16},"end":{"line":26,"column":24}},"loc":{"start":{"line":26,"column":26},"end":{"line":32,"column":1}},"line":26},"4":{"name":"getCourses","decl":{"start":{"line":34,"column":16},"end":{"line":34,"column":26}},"loc":{"start":{"line":34,"column":28},"end":{"line":36,"column":1}},"line":34}},"branchMap":{},"s":{"0":0,"1":2,"2":0,"3":2,"4":2,"5":0,"6":0},"f":{"0":0,"1":2,"2":0,"3":0,"4":0},"b":{},"_coverageSchema":"1a1c01bbd47fc00a2c39e90264f33305004495a9","hash":"c05a0d105eb6290ea85152d4e84c4bd9803812a0"}
,"/Users/yong/Code/projectPotato/server/middleware/auth.js": {"path":"/Users/yong/Code/projectPotato/server/middleware/auth.js","statementMap":{"0":{"start":{"line":6,"column":19},"end":{"line":6,"column":54}},"1":{"start":{"line":8,"column":22},"end":{"line":35,"column":1}},"2":{"start":{"line":10,"column":21},"end":{"line":10,"column":45}},"3":{"start":{"line":11,"column":2},"end":{"line":13,"column":3}},"4":{"start":{"line":12,"column":4},"end":{"line":12,"column":44}},"5":{"start":{"line":15,"column":16},"end":{"line":15,"column":40}},"6":{"start":{"line":16,"column":2},"end":{"line":16,"column":21}},"7":{"start":{"line":18,"column":2},"end":{"line":34,"column":4}},"8":{"start":{"line":22,"column":6},"end":{"line":24,"column":7}},"9":{"start":{"line":23,"column":8},"end":{"line":23,"column":48}},"10":{"start":{"line":25,"column":19},"end":{"line":25,"column":110}},"11":{"start":{"line":27,"column":6},"end":{"line":29,"column":7}},"12":{"start":{"line":28,"column":8},"end":{"line":28,"column":48}},"13":{"start":{"line":30,"column":6},"end":{"line":30,"column":27}},"14":{"start":{"line":31,"column":6},"end":{"line":31,"column":24}},"15":{"start":{"line":32,"column":6},"end":{"line":32,"column":13}}},"fnMap":{"0":{"name":"(anonymous_0)","decl":{"start":{"line":8,"column":22},"end":{"line":8,"column":23}},"loc":{"start":{"line":8,"column":48},"end":{"line":35,"column":1}},"line":8},"1":{"name":"(anonymous_1)","decl":{"start":{"line":21,"column":4},"end":{"line":21,"column":5}},"loc":{"start":{"line":21,"column":30},"end":{"line":33,"column":5}},"line":21}},"branchMap":{"0":{"loc":{"start":{"line":11,"column":2},"end":{"line":13,"column":3}},"type":"if","locations":[{"start":{"line":11,"column":2},"end":{"line":13,"column":3}},{"start":{},"end":{}}],"line":11},"1":{"loc":{"start":{"line":11,"column":8},"end":{"line":11,"column":54}},"type":"binary-expr","locations":[{"start":{"line":11,"column":8},"end":{"line":11,"column":18}},{"start":{"line":11,"column":22},"end":{"line":11,"column":54}}],"line":11},"2":{"loc":{"start":{"line":22,"column":6},"end":{"line":24,"column":7}},"type":"if","locations":[{"start":{"line":22,"column":6},"end":{"line":24,"column":7}},{"start":{},"end":{}}],"line":22},"3":{"loc":{"start":{"line":25,"column":19},"end":{"line":25,"column":110}},"type":"binary-expr","locations":[{"start":{"line":25,"column":19},"end":{"line":25,"column":60}},{"start":{"line":25,"column":64},"end":{"line":25,"column":110}}],"line":25},"4":{"loc":{"start":{"line":27,"column":6},"end":{"line":29,"column":7}},"type":"if","locations":[{"start":{"line":27,"column":6},"end":{"line":29,"column":7}},{"start":{},"end":{}}],"line":27}},"s":{"0":1,"1":1,"2":5,"3":5,"4":4,"5":1,"6":1,"7":1,"8":1,"9":0,"10":1,"11":1,"12":0,"13":1,"14":1,"15":1},"f":{"0":5,"1":1},"b":{"0":[4,1],"1":[5,1],"2":[0,1],"3":[1,0],"4":[0,1]},"_coverageSchema":"1a1c01bbd47fc00a2c39e90264f33305004495a9","hash":"5b80820a9c9cf0b757380caa2f0a5adc8bc8148d"}
,"/Users/yong/Code/projectPotato/server/middleware/validator.js": {"path":"/Users/yong/Code/projectPotato/server/middleware/validator.js","statementMap":{"0":{"start":{"line":4,"column":24},"end":{"line":11,"column":1}},"1":{"start":{"line":5,"column":2},"end":{"line":5,"column":24}},"2":{"start":{"line":6,"column":16},"end":{"line":6,"column":37}},"3":{"start":{"line":7,"column":2},"end":{"line":9,"column":3}},"4":{"start":{"line":8,"column":4},"end":{"line":8,"column":18}},"5":{"start":{"line":10,"column":2},"end":{"line":10,"column":63}}},"fnMap":{"0":{"name":"(anonymous_0)","decl":{"start":{"line":4,"column":24},"end":{"line":4,"column":25}},"loc":{"start":{"line":4,"column":44},"end":{"line":11,"column":1}},"line":4}},"branchMap":{"0":{"loc":{"start":{"line":7,"column":2},"end":{"line":9,"column":3}},"type":"if","locations":[{"start":{"line":7,"column":2},"end":{"line":9,"column":3}},{"start":{},"end":{}}],"line":7}},"s":{"0":1,"1":2,"2":2,"3":2,"4":1,"5":1},"f":{"0":2},"b":{"0":[1,1]},"_coverageSchema":"1a1c01bbd47fc00a2c39e90264f33305004495a9","hash":"5b8cd2db4a1cd67864c17857af5a3276a00321b0"}
}
