TN:
SF:config.js
FN:4,required
FNF:1
FNH:1
FNDA:16,required
DA:2,2
DA:6,16
DA:9,16
DA:11,0
DA:13,16
DA:16,2
LF:6
LH:5
BRDA:4,0,0,10
BRDA:6,1,0,16
BRDA:6,1,1,2
BRDA:9,2,0,0
BRDA:9,2,1,16
BRF:5
BRH:4
end_of_record
TN:
SF:controller/community.js
FN:5,(anonymous_0)
FN:9,(anonymous_1)
FN:21,(anonymous_2)
FN:32,(anonymous_3)
FN:38,(anonymous_4)
FN:53,(anonymous_5)
FNF:6
FNH:5
FNDA:7,(anonymous_0)
FNDA:2,(anonymous_1)
FNDA:0,(anonymous_2)
FNDA:1,(anonymous_3)
FNDA:2,(anonymous_4)
FNDA:2,(anonymous_5)
DA:6,7
DA:9,7
DA:10,2
DA:11,2
DA:12,2
DA:13,2
DA:19,2
DA:21,7
DA:22,0
DA:23,0
DA:24,0
DA:25,0
DA:26,0
DA:29,0
DA:32,7
DA:33,1
DA:34,1
DA:35,1
DA:36,1
DA:38,7
DA:39,2
DA:40,2
DA:41,2
DA:43,2
DA:44,2
DA:45,0
DA:47,2
DA:48,1
DA:50,1
DA:51,1
DA:53,7
DA:54,2
DA:55,2
DA:56,2
DA:57,0
DA:59,2
DA:60,1
DA:62,1
DA:63,1
LF:39
LH:31
BRDA:13,0,0,1
BRDA:13,0,1,1
BRDA:15,1,0,0
BRDA:15,1,1,1
BRDA:25,2,0,0
BRDA:25,2,1,0
BRDA:44,3,0,0
BRDA:44,3,1,2
BRDA:47,4,0,1
BRDA:47,4,1,1
BRDA:56,5,0,0
BRDA:56,5,1,2
BRDA:59,6,0,1
BRDA:59,6,1,1
BRF:14
BRH:9
end_of_record
TN:
SF:data/auth.js
FN:23,createOauth
FN:24,(anonymous_1)
FN:26,getOauthId
FN:29,findOauthById
FN:33,findByUsername
FN:36,findByEmail
FN:40,createUser
FN:42,(anonymous_7)
FN:46,findById
FNF:9
FNH:0
FNDA:0,createOauth
FNDA:0,(anonymous_1)
FNDA:0,getOauthId
FNDA:0,findOauthById
FNDA:0,findByUsername
FNDA:0,findByEmail
FNDA:0,createUser
FNDA:0,(anonymous_7)
FNDA:0,findById
DA:5,1
DA:11,1
DA:17,1
DA:18,1
DA:20,1
DA:21,1
DA:24,0
DA:27,0
DA:30,0
DA:34,0
DA:37,0
DA:42,0
DA:47,0
LF:13
LH:6
BRF:0
BRH:0
end_of_record
TN:
SF:databse/database.js
FN:7,initDb
FN:18,useVirtualId
FN:19,(anonymous_2)
FN:26,getPosts
FN:34,getCourses
FNF:5
FNH:1
FNDA:0,initDb
FNDA:2,useVirtualId
FNDA:0,(anonymous_2)
FNDA:0,getPosts
FNDA:0,getCourses
DA:8,0
DA:19,2
DA:20,0
DA:22,2
DA:23,2
DA:31,0
DA:35,0
LF:7
LH:3
BRF:0
BRH:0
end_of_record
TN:
SF:middleware/auth.js
FN:8,(anonymous_0)
FN:21,(anonymous_1)
FNF:2
FNH:2
FNDA:5,(anonymous_0)
FNDA:1,(anonymous_1)
DA:6,1
DA:8,1
DA:10,5
DA:11,5
DA:12,4
DA:15,1
DA:16,1
DA:18,1
DA:22,1
DA:23,0
DA:25,1
DA:27,1
DA:28,0
DA:30,1
DA:31,1
DA:32,1
LF:16
LH:14
BRDA:11,0,0,4
BRDA:11,0,1,1
BRDA:11,1,0,5
BRDA:11,1,1,1
BRDA:22,2,0,0
BRDA:22,2,1,1
BRDA:25,3,0,1
BRDA:25,3,1,0
BRDA:27,4,0,0
BRDA:27,4,1,1
BRF:10
BRH:7
end_of_record
TN:
SF:middleware/validator.js
FN:4,(anonymous_0)
FNF:1
FNH:1
FNDA:2,(anonymous_0)
DA:4,1
DA:5,2
DA:6,2
DA:7,2
DA:8,1
DA:10,1
LF:6
LH:6
BRDA:7,0,0,1
BRDA:7,0,1,1
BRF:2
BRH:2
end_of_record
